<?xml version="1.0" encoding="UTF-8"?>
<testsuite xmlns:xsi="http://www.w3.org/2001/XMLSchema-instance" xsi:noNamespaceSchemaLocation="https://maven.apache.org/surefire/maven-surefire-plugin/xsd/surefire-test-report-3.0.xsd" version="3.0" name="com.aep.monitor.MedicamentoTest" time="0.075" tests="9" errors="0" skipped="0" failures="0">
  <properties>
[...]
</properties>
  <testcase name="deveAcusarViolacaoQuandoMedicamentoNulo" classname="com.aep.monitor.MedicamentoTest" time="0.027"/>
  <testcase name="deveCriarMedicamentoComDadosValidos" classname="com.aep.monitor.MedicamentoTest" time="0.007"/>
  <testcase name="toStringDeveConterCamposPrincipais" classname="com.aep.monitor.MedicamentoTest" time="0.013"/>
  <testcase name="deveAcusarViolacaoQuandoDosagemVazia" classname="com.aep.monitor.MedicamentoTest" time="0.001"/>
  <testcase name="deveMarcarEDesmarcarComoTomado" classname="com.aep.monitor.MedicamentoTest" time="0.001"/>
  <testcase name="deveAcusarViolacaoQuandoNomePacienteVazio" classname="com.aep.monitor.MedicamentoTest" time="0.001"/>
  <testcase name="deveAtualizarHorario" classname="com.aep.monitor.MedicamentoTest" time="0.002"/>
  <testcase name="deveAtualizarIdViaSetter" classname="com.aep.monitor.MedicamentoTest" time="0.001"/>
  <testcase name="deveAcusarViolacaoQuandoHorarioVazio" classname="com.aep.monitor.MedicamentoTest" time="0.001"/>
</testsuite>